{"/Users/jonathan/Documents/Repos/Stack Builders/ts-retrieve-data-git-app/src/app/injector.ts": {"path":"/Users/jonathan/Documents/Repos/Stack Builders/ts-retrieve-data-git-app/src/app/injector.ts","statementMap":{"0":{"start":{"line":13,"column":4},"end":{"line":13,"column":54}},"1":{"start":{"line":17,"column":16},"end":{"line":17,"column":35}},"2":{"start":{"line":18,"column":20},"end":{"line":18,"column":47}},"3":{"start":{"line":19,"column":4},"end":{"line":19,"column":76}},"4":{"start":{"line":23,"column":16},"end":{"line":23,"column":37}},"5":{"start":{"line":24,"column":22},"end":{"line":24,"column":49}},"6":{"start":{"line":25,"column":4},"end":{"line":25,"column":78}},"7":{"start":{"line":29,"column":16},"end":{"line":29,"column":36}},"8":{"start":{"line":30,"column":16},"end":{"line":30,"column":43}},"9":{"start":{"line":31,"column":4},"end":{"line":31,"column":71}},"10":{"start":{"line":35,"column":16},"end":{"line":35,"column":72}},"11":{"start":{"line":36,"column":16},"end":{"line":36,"column":43}},"12":{"start":{"line":37,"column":4},"end":{"line":37,"column":78}},"13":{"start":{"line":41,"column":16},"end":{"line":41,"column":44}},"14":{"start":{"line":42,"column":16},"end":{"line":42,"column":43}},"15":{"start":{"line":43,"column":4},"end":{"line":43,"column":77}},"16":{"start":{"line":47,"column":21},"end":{"line":47,"column":51}},"17":{"start":{"line":48,"column":4},"end":{"line":48,"column":73}}},"fnMap":{"0":{"name":"getFormattedDate","decl":{"start":{"line":12,"column":9},"end":{"line":12,"column":25}},"loc":{"start":{"line":12,"column":38},"end":{"line":14,"column":1}}},"1":{"name":"setRankedReposOnScreen","decl":{"start":{"line":16,"column":15},"end":{"line":16,"column":37}},"loc":{"start":{"line":16,"column":37},"end":{"line":20,"column":1}}},"2":{"name":"setLatestReposOnScreen","decl":{"start":{"line":22,"column":15},"end":{"line":22,"column":37}},"loc":{"start":{"line":22,"column":37},"end":{"line":26,"column":1}}},"3":{"name":"setTotalStarsOnScreen","decl":{"start":{"line":28,"column":15},"end":{"line":28,"column":36}},"loc":{"start":{"line":28,"column":36},"end":{"line":32,"column":1}}},"4":{"name":"setAlphabeticalReposOnScreen","decl":{"start":{"line":34,"column":15},"end":{"line":34,"column":43}},"loc":{"start":{"line":34,"column":43},"end":{"line":38,"column":1}}},"5":{"name":"setTop5StarredReposOnScreen","decl":{"start":{"line":40,"column":15},"end":{"line":40,"column":42}},"loc":{"start":{"line":40,"column":42},"end":{"line":44,"column":1}}},"6":{"name":"injectData","decl":{"start":{"line":46,"column":9},"end":{"line":46,"column":19}},"loc":{"start":{"line":46,"column":103},"end":{"line":49,"column":1}}}},"branchMap":{},"s":{"0":9,"1":0,"2":0,"3":0,"4":0,"5":0,"6":0,"7":0,"8":0,"9":0,"10":0,"11":0,"12":0,"13":0,"14":0,"15":0,"16":0,"17":0},"f":{"0":9,"1":0,"2":0,"3":0,"4":0,"5":0,"6":0},"b":{}}
,"/Users/jonathan/Documents/Repos/Stack Builders/ts-retrieve-data-git-app/src/app/helpers/concatHelper.ts": {"path":"/Users/jonathan/Documents/Repos/Stack Builders/ts-retrieve-data-git-app/src/app/helpers/concatHelper.ts","statementMap":{"0":{"start":{"line":6,"column":48},"end":{"line":14,"column":1}},"1":{"start":{"line":7,"column":4},"end":{"line":13,"column":18}},"2":{"start":{"line":8,"column":26},"end":{"line":8,"column":51}},"3":{"start":{"line":10,"column":33},"end":{"line":10,"column":61}},"4":{"start":{"line":11,"column":12},"end":{"line":11,"column":41}},"5":{"start":{"line":16,"column":48},"end":{"line":27,"column":1}},"6":{"start":{"line":17,"column":24},"end":{"line":18,"column":null}},"7":{"start":{"line":18,"column":18},"end":{"line":18,"column":85}},"8":{"start":{"line":20,"column":24},"end":{"line":20,"column":47}},"9":{"start":{"line":21,"column":4},"end":{"line":26,"column":18}},"10":{"start":{"line":23,"column":33},"end":{"line":23,"column":61}},"11":{"start":{"line":24,"column":12},"end":{"line":24,"column":41}},"12":{"start":{"line":29,"column":47},"end":{"line":32,"column":1}},"13":{"start":{"line":30,"column":18},"end":{"line":30,"column":87}},"14":{"start":{"line":30,"column":61},"end":{"line":30,"column":83}},"15":{"start":{"line":31,"column":4},"end":{"line":31,"column":49}},"16":{"start":{"line":34,"column":54},"end":{"line":43,"column":1}},"17":{"start":{"line":35,"column":26},"end":{"line":35,"column":89}},"18":{"start":{"line":35,"column":48},"end":{"line":35,"column":88}},"19":{"start":{"line":36,"column":24},"end":{"line":36,"column":82}},"20":{"start":{"line":36,"column":53},"end":{"line":36,"column":81}},"21":{"start":{"line":37,"column":4},"end":{"line":42,"column":18}},"22":{"start":{"line":39,"column":33},"end":{"line":39,"column":61}},"23":{"start":{"line":40,"column":12},"end":{"line":40,"column":41}},"24":{"start":{"line":45,"column":53},"end":{"line":54,"column":1}},"25":{"start":{"line":46,"column":24},"end":{"line":46,"column":84}},"26":{"start":{"line":46,"column":44},"end":{"line":46,"column":83}},"27":{"start":{"line":47,"column":22},"end":{"line":47,"column":45}},"28":{"start":{"line":48,"column":4},"end":{"line":53,"column":18}},"29":{"start":{"line":50,"column":33},"end":{"line":50,"column":61}},"30":{"start":{"line":51,"column":12},"end":{"line":51,"column":41}}},"fnMap":{"0":{"name":"(anonymous_0)","decl":{"start":{"line":6,"column":48},"end":{"line":6,"column":49}},"loc":{"start":{"line":6,"column":57},"end":{"line":14,"column":1}}},"1":{"name":"(anonymous_1)","decl":{"start":{"line":8,"column":16},"end":{"line":8,"column":17}},"loc":{"start":{"line":8,"column":26},"end":{"line":8,"column":51}}},"2":{"name":"(anonymous_2)","decl":{"start":{"line":9,"column":13},"end":{"line":9,"column":14}},"loc":{"start":{"line":9,"column":22},"end":{"line":12,"column":9}}},"3":{"name":"(anonymous_3)","decl":{"start":{"line":16,"column":48},"end":{"line":16,"column":49}},"loc":{"start":{"line":16,"column":57},"end":{"line":27,"column":1}}},"4":{"name":"(anonymous_4)","decl":{"start":{"line":18,"column":8},"end":{"line":18,"column":9}},"loc":{"start":{"line":18,"column":18},"end":{"line":18,"column":85}}},"5":{"name":"(anonymous_5)","decl":{"start":{"line":22,"column":13},"end":{"line":22,"column":14}},"loc":{"start":{"line":22,"column":22},"end":{"line":25,"column":9}}},"6":{"name":"(anonymous_6)","decl":{"start":{"line":29,"column":47},"end":{"line":29,"column":48}},"loc":{"start":{"line":29,"column":56},"end":{"line":32,"column":1}}},"7":{"name":"(anonymous_7)","decl":{"start":{"line":30,"column":30},"end":{"line":30,"column":31}},"loc":{"start":{"line":30,"column":61},"end":{"line":30,"column":83}}},"8":{"name":"(anonymous_8)","decl":{"start":{"line":34,"column":54},"end":{"line":34,"column":55}},"loc":{"start":{"line":34,"column":63},"end":{"line":43,"column":1}}},"9":{"name":"(anonymous_9)","decl":{"start":{"line":35,"column":38},"end":{"line":35,"column":39}},"loc":{"start":{"line":35,"column":48},"end":{"line":35,"column":88}}},"10":{"name":"(anonymous_10)","decl":{"start":{"line":36,"column":43},"end":{"line":36,"column":44}},"loc":{"start":{"line":36,"column":53},"end":{"line":36,"column":81}}},"11":{"name":"(anonymous_11)","decl":{"start":{"line":38,"column":13},"end":{"line":38,"column":14}},"loc":{"start":{"line":38,"column":22},"end":{"line":41,"column":9}}},"12":{"name":"(anonymous_12)","decl":{"start":{"line":45,"column":53},"end":{"line":45,"column":54}},"loc":{"start":{"line":45,"column":62},"end":{"line":54,"column":1}}},"13":{"name":"(anonymous_13)","decl":{"start":{"line":46,"column":34},"end":{"line":46,"column":35}},"loc":{"start":{"line":46,"column":44},"end":{"line":46,"column":83}}},"14":{"name":"(anonymous_14)","decl":{"start":{"line":49,"column":13},"end":{"line":49,"column":14}},"loc":{"start":{"line":49,"column":22},"end":{"line":52,"column":9}}}},"branchMap":{},"s":{"0":3,"1":1,"2":2,"3":1,"4":1,"5":3,"6":1,"7":1,"8":1,"9":1,"10":2,"11":2,"12":3,"13":2,"14":4,"15":2,"16":3,"17":1,"18":2,"19":1,"20":1,"21":1,"22":2,"23":2,"24":3,"25":1,"26":1,"27":1,"28":1,"29":2,"30":2},"f":{"0":1,"1":2,"2":1,"3":1,"4":1,"5":2,"6":2,"7":4,"8":1,"9":2,"10":1,"11":2,"12":1,"13":1,"14":2},"b":{}}
,"/Users/jonathan/Documents/Repos/Stack Builders/ts-retrieve-data-git-app/src/app/models/api.ts": {"path":"/Users/jonathan/Documents/Repos/Stack Builders/ts-retrieve-data-git-app/src/app/models/api.ts","statementMap":{"0":{"start":{"line":4,"column":4},"end":{"line":4,"column":61}},"1":{"start":{"line":8,"column":19},"end":{"line":8,"column":40}},"2":{"start":{"line":10,"column":4},"end":{"line":13,"column":null}},"3":{"start":{"line":11,"column":8},"end":{"line":11,"column":48}},"4":{"start":{"line":12,"column":8},"end":{"line":12,"column":18}},"5":{"start":{"line":15,"column":15},"end":{"line":15,"column":36}},"6":{"start":{"line":17,"column":4},"end":{"line":17,"column":40}},"7":{"start":{"line":21,"column":4},"end":{"line":24,"column":7}},"8":{"start":{"line":22,"column":73},"end":{"line":22,"column":77}},"9":{"start":{"line":23,"column":8},"end":{"line":23,"column":72}}},"fnMap":{"0":{"name":"getURL","decl":{"start":{"line":3,"column":9},"end":{"line":3,"column":15}},"loc":{"start":{"line":3,"column":15},"end":{"line":5,"column":1}}},"1":{"name":"retrieveDataFromAPI","decl":{"start":{"line":7,"column":15},"end":{"line":7,"column":34}},"loc":{"start":{"line":7,"column":34},"end":{"line":18,"column":1}}},"2":{"name":"getFormattedData","decl":{"start":{"line":20,"column":15},"end":{"line":20,"column":31}},"loc":{"start":{"line":20,"column":58},"end":{"line":25,"column":1}}},"3":{"name":"(anonymous_3)","decl":{"start":{"line":21,"column":28},"end":{"line":21,"column":32}},"loc":{"start":{"line":21,"column":35},"end":{"line":24,"column":5}}}},"branchMap":{"0":{"loc":{"start":{"line":10,"column":4},"end":{"line":13,"column":null}},"type":"if","locations":[{"start":{"line":10,"column":4},"end":{"line":13,"column":null}}]}},"s":{"0":0,"1":0,"2":0,"3":0,"4":0,"5":0,"6":0,"7":1,"8":2,"9":2},"f":{"0":0,"1":0,"2":1,"3":2},"b":{"0":[0]}}
,"/Users/jonathan/Documents/Repos/Stack Builders/ts-retrieve-data-git-app/src/app/models/template.ts": {"path":"/Users/jonathan/Documents/Repos/Stack Builders/ts-retrieve-data-git-app/src/app/models/template.ts","statementMap":{"0":{"start":{"line":12,"column":8},"end":{"line":12,"column":25}},"1":{"start":{"line":16,"column":8},"end":{"line":16,"column":102}},"2":{"start":{"line":20,"column":8},"end":{"line":20,"column":121}},"3":{"start":{"line":24,"column":8},"end":{"line":24,"column":105}},"4":{"start":{"line":28,"column":8},"end":{"line":28,"column":111}},"5":{"start":{"line":32,"column":8},"end":{"line":32,"column":94}},"6":{"start":{"line":36,"column":8},"end":{"line":44,"column":6}},"7":{"start":{"line":49,"column":4},"end":{"line":49,"column":44}},"8":{"start":{"line":53,"column":4},"end":{"line":57,"column":4}}},"fnMap":{"0":{"name":"(anonymous_0)","decl":{"start":{"line":11,"column":4},"end":{"line":11,"column":16}},"loc":{"start":{"line":11,"column":32},"end":{"line":13,"column":5}}},"1":{"name":"(anonymous_1)","decl":{"start":{"line":15,"column":12},"end":{"line":15,"column":29}},"loc":{"start":{"line":15,"column":29},"end":{"line":17,"column":5}}},"2":{"name":"(anonymous_2)","decl":{"start":{"line":19,"column":12},"end":{"line":19,"column":26}},"loc":{"start":{"line":19,"column":26},"end":{"line":21,"column":5}}},"3":{"name":"(anonymous_3)","decl":{"start":{"line":23,"column":12},"end":{"line":23,"column":26}},"loc":{"start":{"line":23,"column":26},"end":{"line":25,"column":5}}},"4":{"name":"(anonymous_4)","decl":{"start":{"line":27,"column":12},"end":{"line":27,"column":30}},"loc":{"start":{"line":27,"column":30},"end":{"line":29,"column":5}}},"5":{"name":"(anonymous_5)","decl":{"start":{"line":31,"column":12},"end":{"line":31,"column":22}},"loc":{"start":{"line":31,"column":22},"end":{"line":33,"column":5}}},"6":{"name":"(anonymous_6)","decl":{"start":{"line":35,"column":4},"end":{"line":35,"column":10}},"loc":{"start":{"line":35,"column":10},"end":{"line":45,"column":5}}},"7":{"name":"getTitleTemplate","decl":{"start":{"line":48,"column":9},"end":{"line":48,"column":25}},"loc":{"start":{"line":48,"column":39},"end":{"line":50,"column":1}}},"8":{"name":"getCardTemplate","decl":{"start":{"line":52,"column":9},"end":{"line":52,"column":24}},"loc":{"start":{"line":52,"column":53},"end":{"line":58,"column":1}}}},"branchMap":{},"s":{"0":8,"1":8,"2":8,"3":8,"4":8,"5":8,"6":8,"7":0,"8":3},"f":{"0":8,"1":8,"2":8,"3":8,"4":8,"5":8,"6":8,"7":0,"8":3},"b":{}}
}
