TN:
SF:src/app/injector.ts
FN:12,getFormattedDate
FN:16,setRankedReposOnScreen
FN:22,setLatestReposOnScreen
FN:28,setTotalStarsOnScreen
FN:34,setAlphabeticalReposOnScreen
FN:40,setTop5StarredReposOnScreen
FN:46,injectData
FNF:7
FNH:1
FNDA:9,getFormattedDate
FNDA:0,setRankedReposOnScreen
FNDA:0,setLatestReposOnScreen
FNDA:0,setTotalStarsOnScreen
FNDA:0,setAlphabeticalReposOnScreen
FNDA:0,setTop5StarredReposOnScreen
FNDA:0,injectData
DA:13,9
DA:17,0
DA:18,0
DA:19,0
DA:23,0
DA:24,0
DA:25,0
DA:29,0
DA:30,0
DA:31,0
DA:35,0
DA:36,0
DA:37,0
DA:41,0
DA:42,0
DA:43,0
DA:47,0
DA:48,0
LF:18
LH:1
BRF:0
BRH:0
end_of_record
TN:
SF:src/app/helpers/concatHelper.ts
FN:6,(anonymous_0)
FN:8,(anonymous_1)
FN:9,(anonymous_2)
FN:16,(anonymous_3)
FN:18,(anonymous_4)
FN:22,(anonymous_5)
FN:29,(anonymous_6)
FN:30,(anonymous_7)
FN:34,(anonymous_8)
FN:35,(anonymous_9)
FN:36,(anonymous_10)
FN:38,(anonymous_11)
FN:45,(anonymous_12)
FN:46,(anonymous_13)
FN:49,(anonymous_14)
FNF:15
FNH:15
FNDA:1,(anonymous_0)
FNDA:2,(anonymous_1)
FNDA:1,(anonymous_2)
FNDA:1,(anonymous_3)
FNDA:1,(anonymous_4)
FNDA:2,(anonymous_5)
FNDA:2,(anonymous_6)
FNDA:4,(anonymous_7)
FNDA:1,(anonymous_8)
FNDA:2,(anonymous_9)
FNDA:1,(anonymous_10)
FNDA:2,(anonymous_11)
FNDA:1,(anonymous_12)
FNDA:1,(anonymous_13)
FNDA:2,(anonymous_14)
DA:6,3
DA:7,1
DA:8,2
DA:10,1
DA:11,1
DA:16,3
DA:17,1
DA:18,1
DA:20,1
DA:21,1
DA:23,2
DA:24,2
DA:29,3
DA:30,4
DA:31,2
DA:34,3
DA:35,2
DA:36,1
DA:37,1
DA:39,2
DA:40,2
DA:45,3
DA:46,1
DA:47,1
DA:48,1
DA:50,2
DA:51,2
LF:27
LH:27
BRF:0
BRH:0
end_of_record
TN:
SF:src/app/models/api.ts
FN:3,getURL
FN:7,retrieveDataFromAPI
FN:20,getFormattedData
FN:21,(anonymous_3)
FNF:4
FNH:2
FNDA:0,getURL
FNDA:0,retrieveDataFromAPI
FNDA:1,getFormattedData
FNDA:2,(anonymous_3)
DA:4,0
DA:8,0
DA:10,0
DA:11,0
DA:12,0
DA:15,0
DA:17,0
DA:21,1
DA:22,2
DA:23,2
LF:10
LH:3
BRDA:10,0,0,0
BRF:1
BRH:0
end_of_record
TN:
SF:src/app/models/template.ts
FN:11,(anonymous_0)
FN:15,(anonymous_1)
FN:19,(anonymous_2)
FN:23,(anonymous_3)
FN:27,(anonymous_4)
FN:31,(anonymous_5)
FN:35,(anonymous_6)
FN:48,getTitleTemplate
FN:52,getCardTemplate
FNF:9
FNH:8
FNDA:8,(anonymous_0)
FNDA:8,(anonymous_1)
FNDA:8,(anonymous_2)
FNDA:8,(anonymous_3)
FNDA:8,(anonymous_4)
FNDA:8,(anonymous_5)
FNDA:8,(anonymous_6)
FNDA:0,getTitleTemplate
FNDA:3,getCardTemplate
DA:12,8
DA:16,8
DA:20,8
DA:24,8
DA:28,8
DA:32,8
DA:36,8
DA:49,0
DA:53,3
LF:9
LH:8
BRF:0
BRH:0
end_of_record
